{"C:\\Users\\isaac\\OneDrive\\galactic-age-calculator\\src\\js\\space.js": {"path":"C:\\Users\\isaac\\OneDrive\\galactic-age-calculator\\src\\js\\space.js","statementMap":{"0":{"start":{"line":3,"column":2},"end":{"line":3,"column":21}},"1":{"start":{"line":4,"column":2},"end":{"line":4,"column":39}},"2":{"start":{"line":8,"column":4},"end":{"line":8,"column":23}},"3":{"start":{"line":12,"column":4},"end":{"line":12,"column":56}}},"fnMap":{"0":{"name":"(anonymous_0)","decl":{"start":{"line":2,"column":2},"end":{"line":2,"column":3}},"loc":{"start":{"line":2,"column":37},"end":{"line":5,"column":3}},"line":2},"1":{"name":"(anonymous_1)","decl":{"start":{"line":7,"column":2},"end":{"line":7,"column":3}},"loc":{"start":{"line":7,"column":20},"end":{"line":9,"column":3}},"line":7},"2":{"name":"(anonymous_2)","decl":{"start":{"line":11,"column":2},"end":{"line":11,"column":3}},"loc":{"start":{"line":11,"column":16},"end":{"line":13,"column":3}},"line":11},"3":{"name":"(anonymous_3)","decl":{"start":{"line":15,"column":2},"end":{"line":15,"column":3}},"loc":{"start":{"line":15,"column":18},"end":{"line":17,"column":3}},"line":15}},"branchMap":{},"s":{"0":4,"1":4,"2":1,"3":1},"f":{"0":4,"1":1,"2":1,"3":1},"b":{},"_coverageSchema":"43e27e138ebf9cfc5966b082cf9a028302ed4184","hash":"253117117613c8143564464d2635dcfbd7d45986"}
}
